  ScanConvert.cpp
c:\users\inaki\documents\visual studio 2015\projects\hw5\openglconsuleapplication1\PolygonDrawer.h(192): warning C4244: 'initializing': conversion from 'double' to 'float', possible loss of data
c:\users\inaki\documents\visual studio 2015\projects\hw5\openglconsuleapplication1\PolygonDrawer.h(270): warning C4244: 'initializing': conversion from 'double' to 'float', possible loss of data
ScanConvert.cpp(40): warning C4305: 'initializing': truncation from 'double' to 'float'
ScanConvert.cpp(93): warning C4305: 'argument': truncation from 'double' to 'float'
ScanConvert.cpp(94): warning C4305: 'argument': truncation from 'double' to 'float'
ScanConvert.cpp(96): warning C4305: 'argument': truncation from 'double' to 'float'
ScanConvert.cpp(97): warning C4305: 'argument': truncation from 'double' to 'float'
ScanConvert.cpp(126): warning C4305: 'argument': truncation from 'double' to 'float'
ScanConvert.cpp(127): warning C4305: 'argument': truncation from 'double' to 'float'
ScanConvert.cpp(129): warning C4305: 'argument': truncation from 'double' to 'float'
ScanConvert.cpp(130): warning C4305: 'argument': truncation from 'double' to 'float'
ScanConvert.cpp(159): warning C4305: 'argument': truncation from 'double' to 'float'
ScanConvert.cpp(160): warning C4305: 'argument': truncation from 'double' to 'float'
ScanConvert.cpp(162): warning C4305: 'argument': truncation from 'double' to 'float'
ScanConvert.cpp(163): warning C4305: 'argument': truncation from 'double' to 'float'
ScanConvert.cpp(200): warning C4305: 'argument': truncation from 'double' to 'float'
ScanConvert.cpp(201): warning C4305: 'argument': truncation from 'double' to 'float'
ScanConvert.cpp(202): warning C4305: 'argument': truncation from 'double' to 'float'
ScanConvert.cpp(203): warning C4305: 'argument': truncation from 'double' to 'float'
ScanConvert.cpp(206): warning C4305: 'argument': truncation from 'double' to 'float'
ScanConvert.cpp(329): warning C4018: '<': signed/unsigned mismatch
ScanConvert.cpp(338): warning C4804: '<': unsafe use of type 'bool' in operation
ScanConvert.cpp(344): warning C4018: '<': signed/unsigned mismatch
ScanConvert.cpp(353): warning C4804: '<': unsafe use of type 'bool' in operation
ScanConvert.cpp(359): warning C4018: '<': signed/unsigned mismatch
ScanConvert.cpp(368): warning C4804: '<': unsafe use of type 'bool' in operation
ScanConvert.cpp(410): warning C4305: '=': truncation from 'int' to 'float'
ScanConvert.cpp(411): warning C4018: '<': signed/unsigned mismatch
ScanConvert.cpp(433): warning C4018: '<': signed/unsigned mismatch
ScanConvert.cpp(454): warning C4018: '<': signed/unsigned mismatch
ScanConvert.cpp(475): warning C4018: '<': signed/unsigned mismatch
ScanConvert.cpp(535): warning C4244: 'argument': conversion from 'double' to 'float', possible loss of data
ScanConvert.cpp(573): warning C4018: '<': signed/unsigned mismatch
ScanConvert.cpp(595): warning C4244: 'argument': conversion from 'int' to 'float', possible loss of data
  Generating code
  4 of 410 functions ( 1.0%) were compiled, the rest were copied from previous compilation.
    0 functions were new in current compilation
    3 functions had inline decision re-evaluated but remain unchanged
  Finished generating code
  OpenGLConsuleApplication1.vcxproj -> C:\Users\Inaki\Documents\Visual Studio 2015\Projects\HW5\Release\OpenGLConsuleApplication1.exe
